2025-08-02 21:57:33,533 - config - ERROR - Erreur lors de la récupération des statistiques: 'DevelopmentConfig' object has no attribute 'BusinessConstants'
2025-08-02 21:59:39,483 - routes.recommend - INFO - Profil créé pour user_id: {{user_id}}
2025-08-02 21:59:45,478 - config - ERROR - Erreur lors de la récupération des statistiques: 'DevelopmentConfig' object has no attribute 'BusinessConstants'
2025-08-02 22:00:55,264 - routes.recommend - ERROR - Erreur lors de la sauvegarde du profil: E11000 duplicate key error collection: profiling_service_dev.user_profiles index: email_1 dup key: { email: "chef@technoservices.ma" }, full error: {'index': 0, 'code': 11000, 'errmsg': 'E11000 duplicate key error collection: profiling_service_dev.user_profiles index: email_1 dup key: { email: "chef@technoservices.ma" }', 'keyPattern': {'email': 1}, 'keyValue': {'email': 'chef@technoservices.ma'}}
2025-08-02 22:01:09,357 - routes.recommend - ERROR - Erreur lors de la sauvegarde du profil: E11000 duplicate key error collection: profiling_service_dev.user_profiles index: email_1 dup key: { email: "chef@technoservices.ma" }, full error: {'index': 0, 'code': 11000, 'errmsg': 'E11000 duplicate key error collection: profiling_service_dev.user_profiles index: email_1 dup key: { email: "chef@technoservices.ma" }', 'keyPattern': {'email': 1}, 'keyValue': {'email': 'chef@technoservices.ma'}}
2025-08-02 22:01:14,207 - routes.recommend - INFO - Profil mis à jour pour user_id: {{user_id}}
2025-08-02 22:01:21,480 - routes.recommend - ERROR - Erreur lors de la sauvegarde du profil: E11000 duplicate key error collection: profiling_service_dev.user_profiles index: email_1 dup key: { email: "chef@technoservices.ma" }, full error: {'index': 0, 'code': 11000, 'errmsg': 'E11000 duplicate key error collection: profiling_service_dev.user_profiles index: email_1 dup key: { email: "chef@technoservices.ma" }', 'keyPattern': {'email': 1}, 'keyValue': {'email': 'chef@technoservices.ma'}}
2025-08-02 22:01:27,484 - routes.recommend - ERROR - Erreur lors de la sauvegarde du profil: E11000 duplicate key error collection: profiling_service_dev.user_profiles index: email_1 dup key: { email: "chef@technoservices.ma" }, full error: {'index': 0, 'code': 11000, 'errmsg': 'E11000 duplicate key error collection: profiling_service_dev.user_profiles index: email_1 dup key: { email: "chef@technoservices.ma" }', 'keyPattern': {'email': 1}, 'keyValue': {'email': 'chef@technoservices.ma'}}
2025-08-02 22:01:33,035 - routes.recommend - INFO - Profil mis à jour pour user_id: {{user_id}}
2025-08-03 00:21:20,526 - config - ERROR - Erreur lors de la récupération des statistiques: 'DevelopmentConfig' object has no attribute 'BusinessConstants'
2025-08-03 00:24:07,608 - routes.recommend - INFO - Profil créé pour user_id: user_minimal_002
2025-08-03 00:49:48,531 - routes.recommend - INFO - Interaction enregistrée: vue pour user {{user_id}}
2025-08-03 01:14:21,735 - config - ERROR - Erreur lors de la récupération des statistiques: 'DevelopmentConfig' object has no attribute 'BusinessConstants'
2025-08-03 01:56:12,591 - config - ERROR - Erreur lors de la récupération des statistiques: 'DevelopmentConfig' object has no attribute 'BusinessConstants'
2025-08-03 17:25:39,448 - routes.recommend - ERROR - Erreur lors de la sauvegarde du profil: E11000 duplicate key error collection: profiling_service_dev.user_profiles index: email_1 dup key: { email: "chef@technoservices.ma" }, full error: {'index': 0, 'code': 11000, 'errmsg': 'E11000 duplicate key error collection: profiling_service_dev.user_profiles index: email_1 dup key: { email: "chef@technoservices.ma" }', 'keyPattern': {'email': 1}, 'keyValue': {'email': 'chef@technoservices.ma'}}
2025-08-03 17:29:27,634 - routes.recommend - ERROR - Erreur lors de la sauvegarde du profil: E11000 duplicate key error collection: profiling_service_dev.user_profiles index: email_1 dup key: { email: "chef@technoservices.ma" }, full error: {'index': 0, 'code': 11000, 'errmsg': 'E11000 duplicate key error collection: profiling_service_dev.user_profiles index: email_1 dup key: { email: "chef@technoservices.ma" }', 'keyPattern': {'email': 1}, 'keyValue': {'email': 'chef@technoservices.ma'}}
2025-08-03 17:29:47,104 - routes.recommend - ERROR - Erreur lors de la sauvegarde du profil: E11000 duplicate key error collection: profiling_service_dev.user_profiles index: email_1 dup key: { email: "chef@technoservices.ma" }, full error: {'index': 0, 'code': 11000, 'errmsg': 'E11000 duplicate key error collection: profiling_service_dev.user_profiles index: email_1 dup key: { email: "chef@technoservices.ma" }', 'keyPattern': {'email': 1}, 'keyValue': {'email': 'chef@technoservices.ma'}}
2025-08-03 17:29:53,595 - routes.recommend - ERROR - Erreur lors de la sauvegarde du profil: E11000 duplicate key error collection: profiling_service_dev.user_profiles index: email_1 dup key: { email: "chef@technoservices.ma" }, full error: {'index': 0, 'code': 11000, 'errmsg': 'E11000 duplicate key error collection: profiling_service_dev.user_profiles index: email_1 dup key: { email: "chef@technoservices.ma" }', 'keyPattern': {'email': 1}, 'keyValue': {'email': 'chef@technoservices.ma'}}
2025-08-03 17:29:58,979 - routes.recommend - ERROR - Erreur lors de la sauvegarde du profil: E11000 duplicate key error collection: profiling_service_dev.user_profiles index: email_1 dup key: { email: "chef@technoservices.ma" }, full error: {'index': 0, 'code': 11000, 'errmsg': 'E11000 duplicate key error collection: profiling_service_dev.user_profiles index: email_1 dup key: { email: "chef@technoservices.ma" }', 'keyPattern': {'email': 1}, 'keyValue': {'email': 'chef@technoservices.ma'}}
2025-08-03 17:31:54,166 - config - ERROR - Erreur lors de la récupération des statistiques: 'DevelopmentConfig' object has no attribute 'BusinessConstants'
2025-08-03 17:32:53,347 - config - ERROR - Erreur lors de la récupération des statistiques: 'DevelopmentConfig' object has no attribute 'BusinessConstants'
2025-08-03 17:42:40,728 - routes.recommend - ERROR - Erreur lors de la sauvegarde du profil: E11000 duplicate key error collection: profiling_service_dev.user_profiles index: email_1 dup key: { email: "chef@technoservices.ma" }, full error: {'index': 0, 'code': 11000, 'errmsg': 'E11000 duplicate key error collection: profiling_service_dev.user_profiles index: email_1 dup key: { email: "chef@technoservices.ma" }', 'keyPattern': {'email': 1}, 'keyValue': {'email': 'chef@technoservices.ma'}}
2025-08-03 17:42:52,425 - routes.recommend - ERROR - Erreur lors de la sauvegarde du profil: E11000 duplicate key error collection: profiling_service_dev.user_profiles index: email_1 dup key: { email: "chef@technoservices.ma" }, full error: {'index': 0, 'code': 11000, 'errmsg': 'E11000 duplicate key error collection: profiling_service_dev.user_profiles index: email_1 dup key: { email: "chef@technoservices.ma" }', 'keyPattern': {'email': 1}, 'keyValue': {'email': 'chef@technoservices.ma'}}
2025-08-03 17:42:59,229 - routes.recommend - ERROR - Erreur lors de la sauvegarde du profil: E11000 duplicate key error collection: profiling_service_dev.user_profiles index: email_1 dup key: { email: "chef@technoservices.ma" }, full error: {'index': 0, 'code': 11000, 'errmsg': 'E11000 duplicate key error collection: profiling_service_dev.user_profiles index: email_1 dup key: { email: "chef@technoservices.ma" }', 'keyPattern': {'email': 1}, 'keyValue': {'email': 'chef@technoservices.ma'}}
2025-08-03 17:45:15,983 - routes.recommend - INFO - Profil créé pour user_id: wisso123
2025-08-03 17:46:44,333 - routes.recommend - INFO - Profil mis à jour pour user_id: user_minimal_002
2025-08-03 17:47:03,366 - routes.recommend - INFO - Profil créé pour user_id: userkk_minimal_002
2025-08-03 17:48:45,990 - routes.recommend - INFO - Profil créé pour user_id: abc123
2025-08-03 17:53:26,266 - routes.recommend - INFO - Préférences mises à jour pour user_id: abc123
2025-08-03 18:37:49,991 - routes.recommend - INFO - Profil mis à jour pour user_id: userkk_minimal_002
2025-08-03 18:39:06,924 - routes.recommend - INFO - Profil créé pour user_id: userkk_minimal_002
2025-08-04 01:34:33,170 - routes.recommend - INFO - Profil mis à jour pour user_id: userkk_minimal_002
2025-08-04 02:27:12,736 - routes.recommend - INFO - Profil mis à jour pour user_id: userkk_minimal_002
2025-08-04 02:27:32,512 - routes.recommend - INFO - Profil créé pour user_id: userkcck_minimal_002
2025-08-04 02:34:59,840 - routes.recommend - INFO - Profil mis à jour pour user_id: abc123
2025-08-04 02:35:07,446 - routes.recommend - INFO - Profil mis à jour pour user_id: userkcck_minimal_002
2025-08-04 02:35:25,717 - routes.recommend - INFO - Préférences mises à jour pour user_id: abc123
